2020-08-14 14:27:11.337 [main] WARN  o.springframework.boot.actuate.endpoint.EndpointId - Endpoint ID 'service-registry' contains invalid characters, please migrate to a valid format.
2020-08-14 14:27:12.022 [main] WARN  com.netflix.config.sources.URLConfigurationSource - No URLs will be polled as dynamic configuration sources.
2020-08-14 14:27:13.162 [main] WARN  com.netflix.config.sources.URLConfigurationSource - No URLs will be polled as dynamic configuration sources.
2020-08-14 14:27:15.091 [main] WARN  com.netflix.discovery.InstanceInfoReplicator - Ignoring onDemand update due to rate limiter
2020-08-14 14:30:04.209 [http-nio-8085-exec-1] WARN  c.g.xiaoymin.knife4j.spring.web.Knife4jController - Unable to find specification for group share-mainctl,use default
2020-08-14 14:41:55.189 [main] WARN  o.springframework.boot.actuate.endpoint.EndpointId - Endpoint ID 'service-registry' contains invalid characters, please migrate to a valid format.
2020-08-14 14:41:55.903 [main] WARN  com.netflix.config.sources.URLConfigurationSource - No URLs will be polled as dynamic configuration sources.
2020-08-14 14:41:57.083 [main] WARN  com.netflix.config.sources.URLConfigurationSource - No URLs will be polled as dynamic configuration sources.
2020-08-14 14:41:58.727 [main] WARN  com.netflix.discovery.InstanceInfoReplicator - Ignoring onDemand update due to rate limiter
2020-08-14 14:47:29.539 [main] WARN  o.springframework.boot.actuate.endpoint.EndpointId - Endpoint ID 'service-registry' contains invalid characters, please migrate to a valid format.
2020-08-14 14:47:30.167 [main] WARN  com.netflix.config.sources.URLConfigurationSource - No URLs will be polled as dynamic configuration sources.
2020-08-14 14:47:31.246 [main] WARN  com.netflix.config.sources.URLConfigurationSource - No URLs will be polled as dynamic configuration sources.
2020-08-14 14:47:32.794 [main] WARN  com.netflix.discovery.InstanceInfoReplicator - Ignoring onDemand update due to rate limiter
2020-08-14 14:51:49.210 [main] WARN  o.springframework.boot.actuate.endpoint.EndpointId - Endpoint ID 'service-registry' contains invalid characters, please migrate to a valid format.
2020-08-14 14:51:49.823 [main] WARN  com.netflix.config.sources.URLConfigurationSource - No URLs will be polled as dynamic configuration sources.
2020-08-14 14:51:50.894 [main] WARN  com.netflix.config.sources.URLConfigurationSource - No URLs will be polled as dynamic configuration sources.
2020-08-14 14:51:52.420 [main] WARN  com.netflix.discovery.InstanceInfoReplicator - Ignoring onDemand update due to rate limiter
2020-08-14 14:52:58.826 [main] WARN  o.springframework.boot.actuate.endpoint.EndpointId - Endpoint ID 'service-registry' contains invalid characters, please migrate to a valid format.
2020-08-14 14:52:59.545 [main] WARN  com.netflix.config.sources.URLConfigurationSource - No URLs will be polled as dynamic configuration sources.
2020-08-14 14:53:00.804 [main] WARN  com.netflix.config.sources.URLConfigurationSource - No URLs will be polled as dynamic configuration sources.
2020-08-14 14:53:02.640 [main] WARN  com.netflix.discovery.InstanceInfoReplicator - Ignoring onDemand update due to rate limiter
2020-08-14 14:53:23.058 [SpringContextShutdownHook] WARN  com.netflix.discovery.DiscoveryClient - Saw local status change event StatusChangeEvent [timestamp=1597388003058, current=DOWN, previous=UP]
2020-08-14 14:53:23.060 [DiscoveryClient-InstanceInfoReplicator-0] WARN  com.netflix.discovery.DiscoveryClient - Saw local status change event StatusChangeEvent [timestamp=1597388003060, current=UP, previous=DOWN]
2020-08-14 14:53:23.060 [DiscoveryClient-InstanceInfoReplicator-0] WARN  com.netflix.discovery.InstanceInfoReplicator - Ignoring onDemand update due to rate limiter
2020-08-14 14:53:31.524 [main] WARN  o.springframework.boot.actuate.endpoint.EndpointId - Endpoint ID 'service-registry' contains invalid characters, please migrate to a valid format.
2020-08-14 14:53:32.156 [main] WARN  com.netflix.config.sources.URLConfigurationSource - No URLs will be polled as dynamic configuration sources.
2020-08-14 14:53:33.226 [main] WARN  com.netflix.config.sources.URLConfigurationSource - No URLs will be polled as dynamic configuration sources.
2020-08-14 14:53:34.794 [main] WARN  com.netflix.discovery.InstanceInfoReplicator - Ignoring onDemand update due to rate limiter
2020-08-14 14:55:39.919 [main] WARN  o.springframework.boot.actuate.endpoint.EndpointId - Endpoint ID 'service-registry' contains invalid characters, please migrate to a valid format.
2020-08-14 14:55:40.654 [main] WARN  com.netflix.config.sources.URLConfigurationSource - No URLs will be polled as dynamic configuration sources.
2020-08-14 14:55:41.836 [main] WARN  com.netflix.config.sources.URLConfigurationSource - No URLs will be polled as dynamic configuration sources.
2020-08-14 14:55:43.614 [main] WARN  com.netflix.discovery.InstanceInfoReplicator - Ignoring onDemand update due to rate limiter
2020-08-14 15:00:21.755 [main] WARN  o.springframework.boot.actuate.endpoint.EndpointId - Endpoint ID 'service-registry' contains invalid characters, please migrate to a valid format.
2020-08-14 15:00:22.536 [main] WARN  com.netflix.config.sources.URLConfigurationSource - No URLs will be polled as dynamic configuration sources.
2020-08-14 15:00:23.766 [main] WARN  com.netflix.config.sources.URLConfigurationSource - No URLs will be polled as dynamic configuration sources.
2020-08-14 15:00:25.673 [main] WARN  com.netflix.discovery.InstanceInfoReplicator - Ignoring onDemand update due to rate limiter
2020-08-14 15:02:38.546 [main] WARN  o.springframework.boot.actuate.endpoint.EndpointId - Endpoint ID 'service-registry' contains invalid characters, please migrate to a valid format.
2020-08-14 15:02:39.262 [main] WARN  com.netflix.config.sources.URLConfigurationSource - No URLs will be polled as dynamic configuration sources.
2020-08-14 15:02:40.441 [main] WARN  com.netflix.config.sources.URLConfigurationSource - No URLs will be polled as dynamic configuration sources.
2020-08-14 15:02:42.189 [main] WARN  com.netflix.discovery.InstanceInfoReplicator - Ignoring onDemand update due to rate limiter
2020-08-14 15:20:13.540 [main] WARN  o.springframework.boot.actuate.endpoint.EndpointId - Endpoint ID 'service-registry' contains invalid characters, please migrate to a valid format.
2020-08-14 15:20:14.247 [main] WARN  com.netflix.config.sources.URLConfigurationSource - No URLs will be polled as dynamic configuration sources.
2020-08-14 15:20:15.415 [main] WARN  com.netflix.config.sources.URLConfigurationSource - No URLs will be polled as dynamic configuration sources.
2020-08-14 15:20:17.189 [main] WARN  com.netflix.discovery.InstanceInfoReplicator - Ignoring onDemand update due to rate limiter
2020-08-14 15:22:02.192 [main] WARN  o.springframework.boot.actuate.endpoint.EndpointId - Endpoint ID 'service-registry' contains invalid characters, please migrate to a valid format.
2020-08-14 15:22:02.906 [main] WARN  com.netflix.config.sources.URLConfigurationSource - No URLs will be polled as dynamic configuration sources.
2020-08-14 15:22:04.078 [main] WARN  com.netflix.config.sources.URLConfigurationSource - No URLs will be polled as dynamic configuration sources.
2020-08-14 15:22:05.858 [main] WARN  com.netflix.discovery.InstanceInfoReplicator - Ignoring onDemand update due to rate limiter
2020-08-14 15:23:51.648 [http-nio-8085-exec-3] WARN  c.g.xiaoymin.knife4j.spring.web.Knife4jController - Unable to find specification for group share-mainctl,use default
